/home/omarioni/miniconda2/lib/python2.7/site-packages/h5py/_hl/dataset.py:313: H5pyDeprecationWarning: dataset.value has been deprecated. Use dataset[()] instead.
  "Use dataset[()] instead.", H5pyDeprecationWarning)
1024
1008
0992
0976
0960
0944
0928
0912
0896
0880
0864
0848
0832
0816
0800
0784
0768
0752
0736
0720
0704
0688
0672
0656
0640
0624
0608
0592
0576
0560
0544
0528
0512
0496
0480
0464
0453
0448
0432
0416
0400
0384
0368
0352
0336
0320
0304
0288
0272
0256
0240
0224
0208
0192
0176
0160
0144
0128
0112
